[remotecheese.com/09225-best-browniesWYNMYCGA699/indexa8c9.html]
[backblue.gif]
[fade.gif]
[index.html]
[remotecheese.com/09225-best-browniesWYNMYCGA699/images/favicon.ico]
[remotecheese.com/09225-best-browniesWYNMYCGA699/css/style.css]
[remotecheese.com/09225-best-browniesWYNMYCGA699/css/animation.css]
[cdn.jsdelivr.net/npm/bootstrap@5.2.3/dist/css/bootstrap.min.css]
[zenacentre.com/backbutton/wynmyc/rolfix.js]
[remotecheese.com/09225-best-browniesWYNMYCGA699/images/bg.jpg]
[remotecheese.com/09225-best-browniesWYNMYCGA699/images/bg-mobile.jpg]
[remotecheese.com/09225-best-browniesWYNMYCGA699/images/elements/e1.png]
[remotecheese.com/09225-best-browniesWYNMYCGA699/images/elements/e2.png]
[remotecheese.com/09225-best-browniesWYNMYCGA699/images/elements/e3.png]
[remotecheese.com/09225-best-browniesWYNMYCGA699/images/elements/e4.png]
[remotecheese.com/09225-best-browniesWYNMYCGA699/images/elements/e5.png]
[remotecheese.com/09225-best-browniesWYNMYCGA699/images/elements/e6.png]
[remotecheese.com/09225-best-browniesWYNMYCGA699/images/zues.png]
[remotecheese.com/09225-best-browniesWYNMYCGA699/images/sparkle.png]
[remotecheese.com/09225-best-browniesWYNMYCGA699/images/jackpot.png]
[remotecheese.com/09225-best-browniesWYNMYCGA699/images/slot.png]
[remotecheese.com/09225-best-browniesWYNMYCGA699/images/lights.png]
[remotecheese.com/09225-best-browniesWYNMYCGA699/images/spin-now.png]
[remotecheese.com/09225-best-browniesWYNMYCGA699/images/record/1.png]
[remotecheese.com/09225-best-browniesWYNMYCGA699/images/record/2.png]
[remotecheese.com/09225-best-browniesWYNMYCGA699/images/record/3.png]
[remotecheese.com/09225-best-browniesWYNMYCGA699/images/record/4.png]
[remotecheese.com/09225-best-browniesWYNMYCGA699/images/record/5.png]
[remotecheese.com/09225-best-browniesWYNMYCGA699/images/record/6.png]
[remotecheese.com/09225-best-browniesWYNMYCGA699/images/footer.png]
[remotecheese.com/09225-best-browniesWYNMYCGA699/images/fail-pop.png]
[remotecheese.com/09225-best-browniesWYNMYCGA699/images/spin-again.png]
[remotecheese.com/09225-best-browniesWYNMYCGA699/images/win-pop.png]
[remotecheese.com/09225-best-browniesWYNMYCGA699/images/cta.png]
[remotecheese.com/09225-best-browniesWYNMYCGA699/audio/spin-sound.m4a]
[remotecheese.com/09225-best-browniesWYNMYCGA699/audio/spin-win.m4a]
[code.jquery.com/jquery-3.6.0.min.js]
[remotecheese.com/09225-best-browniesWYNMYCGA699/indexa8c9.html]
[cdn.jsdelivr.net/npm/bootstrap@5.2.3/dist/js/bootstrap.bundle.min.js]
[remotecheese.com/09225-best-browniesWYNMYCGA699/images/1.png]
[remotecheese.com/09225-best-browniesWYNMYCGA699/images/2.png]
[remotecheese.com/09225-best-browniesWYNMYCGA699/images/3.png]
[remotecheese.com/09225-best-browniesWYNMYCGA699/css/style.css]
[remotecheese.com/09225-best-browniesWYNMYCGA699/css/animation.css]
[cdn.jsdelivr.net/npm/bootstrap@5.2.3/dist/css/bootstrap.min.css]
[loadativepiluendly.com/d/8017ae88-c56a-4a63-a2d8-7a123f089b89.html]
[loadativepiluendly.com/d/8017ae88-c56a-4a63-a2d8-7a123f089b89d349.html]
